2022-06-06 00:11:57,918 WARN [HikariCP housekeeper] com.zaxxer.hikari.pool.HikariPool [HikariPool.java : 787] HikariCP - Thread starvation or clock leap detected (housekeeper delta=1h4m20s201ms).
2022-06-06 00:30:41,852 WARN [HikariCP housekeeper] com.zaxxer.hikari.pool.HikariPool [HikariPool.java : 787] HikariCP - Thread starvation or clock leap detected (housekeeper delta=18m13s897ms).
2022-06-06 01:55:45,728 WARN [HikariCP housekeeper] com.zaxxer.hikari.pool.HikariPool [HikariPool.java : 787] HikariCP - Thread starvation or clock leap detected (housekeeper delta=1h25m3s876ms).
2022-06-06 03:00:48,773 WARN [HikariCP housekeeper] com.zaxxer.hikari.pool.HikariPool [HikariPool.java : 787] HikariCP - Thread starvation or clock leap detected (housekeeper delta=1h5m3s45ms).
2022-06-06 04:08:20,946 WARN [HikariCP housekeeper] com.zaxxer.hikari.pool.HikariPool [HikariPool.java : 787] HikariCP - Thread starvation or clock leap detected (housekeeper delta=1h7m32s173ms).
2022-06-06 05:11:03,227 WARN [HikariCP housekeeper] com.zaxxer.hikari.pool.HikariPool [HikariPool.java : 787] HikariCP - Thread starvation or clock leap detected (housekeeper delta=1h2m42s280ms).
2022-06-06 06:00:22,338 WARN [HikariCP housekeeper] com.zaxxer.hikari.pool.HikariPool [HikariPool.java : 787] HikariCP - Thread starvation or clock leap detected (housekeeper delta=49m19s110ms).
2022-06-06 07:03:35,029 WARN [HikariCP housekeeper] com.zaxxer.hikari.pool.HikariPool [HikariPool.java : 787] HikariCP - Thread starvation or clock leap detected (housekeeper delta=1h3m12s689ms).
2022-06-06 08:09:16,295 WARN [HikariCP housekeeper] com.zaxxer.hikari.pool.HikariPool [HikariPool.java : 787] HikariCP - Thread starvation or clock leap detected (housekeeper delta=1h5m41s266ms).
2022-06-06 08:25:39,913 WARN [HikariCP housekeeper] com.zaxxer.hikari.pool.HikariPool [HikariPool.java : 787] HikariCP - Thread starvation or clock leap detected (housekeeper delta=15m53s589ms).
2022-06-06 09:32:57,608 WARN [HikariCP housekeeper] com.zaxxer.hikari.pool.HikariPool [HikariPool.java : 787] HikariCP - Thread starvation or clock leap detected (housekeeper delta=1h7m17s697ms).
2022-06-06 10:02:41,353 WARN [HikariCP housekeeper] com.zaxxer.hikari.pool.HikariPool [HikariPool.java : 787] HikariCP - Thread starvation or clock leap detected (housekeeper delta=29m43s747ms).
2022-06-06 11:16:09,338 WARN [HikariCP housekeeper] com.zaxxer.hikari.pool.HikariPool [HikariPool.java : 787] HikariCP - Thread starvation or clock leap detected (housekeeper delta=57s136ms).
2022-06-06 11:49:46,705 WARN [HikariCP housekeeper] com.zaxxer.hikari.pool.HikariPool [HikariPool.java : 779] HikariCP - Retrograde clock change detected (housekeeper delta=29s772ms), soft-evicting connections from pool.
2022-06-06 12:44:05,598 WARN [HikariCP housekeeper] com.zaxxer.hikari.pool.HikariPool [HikariPool.java : 787] HikariCP - Thread starvation or clock leap detected (housekeeper delta=10m18s448ms).
2022-06-06 13:00:31,639 WARN [HikariCP housekeeper] com.zaxxer.hikari.pool.HikariPool [HikariPool.java : 787] HikariCP - Thread starvation or clock leap detected (housekeeper delta=16m26s39ms).
2022-06-06 13:32:19,701 WARN [HikariCP housekeeper] com.zaxxer.hikari.pool.HikariPool [HikariPool.java : 787] HikariCP - Thread starvation or clock leap detected (housekeeper delta=31m48s63ms).
2022-06-06 13:42:55,824 INFO [SpringContextShutdownHook] o.s.s.c.ThreadPoolTaskExecutor [ExecutorConfigurationSupport.java : 218] Shutting down ExecutorService 'applicationTaskExecutor'
2022-06-06 13:42:56,832 INFO [xxl-job, admin JobScheduleHelper#scheduleThread] c.x.j.a.c.thread.JobScheduleHelper [JobScheduleHelper.java : 212] >>>>>>>>>>> xxl-job, JobScheduleHelper#scheduleThread stop
2022-06-06 13:42:57,005 INFO [xxl-job, admin JobScheduleHelper#ringThread] c.x.j.a.c.thread.JobScheduleHelper [JobScheduleHelper.java : 264] >>>>>>>>>>> xxl-job, JobScheduleHelper#ringThread stop
2022-06-06 13:42:57,838 INFO [SpringContextShutdownHook] c.x.j.a.c.thread.JobScheduleHelper [JobScheduleHelper.java : 353] >>>>>>>>>>> xxl-job, JobScheduleHelper stop
2022-06-06 13:42:57,867 INFO [xxl-job, admin JobLogReportHelper] c.x.j.a.c.thread.JobLogReportHelper [JobLogReportHelper.java : 132] >>>>>>>>>>> xxl-job, job log report thread stop
2022-06-06 13:42:57,870 INFO [xxl-job, admin JobLosedMonitorHelper] c.x.j.a.c.thread.JobCompleteHelper [JobCompleteHelper.java : 111] >>>>>>>>>>> xxl-job, JobLosedMonitorHelper stop
2022-06-06 13:42:57,872 INFO [xxl-job, admin JobFailMonitorHelper] c.x.j.a.c.t.JobFailMonitorHelper [JobFailMonitorHelper.java : 90] >>>>>>>>>>> xxl-job, job fail monitor thread stop
2022-06-06 13:42:57,873 INFO [xxl-job, admin JobRegistryMonitorHelper-registryMonitorThread] c.x.j.a.c.thread.JobRegistryHelper [JobRegistryHelper.java : 123] >>>>>>>>>>> xxl-job, job registry monitor thread stop
2022-06-06 13:42:57,874 INFO [SpringContextShutdownHook] c.x.j.a.c.t.JobTriggerPoolHelper [JobTriggerPoolHelper.java : 60] >>>>>>>>> xxl-job trigger thread pool shutdown success.
2022-06-06 13:42:57,881 INFO [SpringContextShutdownHook] com.zaxxer.hikari.HikariDataSource [HikariDataSource.java : 350] HikariCP - Shutdown initiated...
2022-06-06 13:42:57,896 INFO [SpringContextShutdownHook] com.zaxxer.hikari.HikariDataSource [HikariDataSource.java : 352] HikariCP - Shutdown completed.
